<?xml version="1.0" encoding="UTF-8"?>
<!-- Generated by org.testng.reporters.JUnitReportReporter -->
<testsuite hostname="Gilberts-MacBook-Pro.local" failures="0" tests="1" name="playWIthTestNG.TestNG_Learning" time="0.004" errors="0" timestamp="2020-07-10T18:19:38 PDT" skipped="0">
  <testcase classname="playWIthTestNG.TestNG_Learning" name="f" time="0.004"/>
  <system-out/>
</testsuite> <!-- playWIthTestNG.TestNG_Learning -->
